<?xml version="1.0" encoding="UTF-8"?>
<!-- Generated by org.testng.reporters.JUnitXMLReporter -->
<testsuite ignored="0" hostname="Mahil" failures="0" tests="4" name="petuserstests" time="10.268" errors="0" timestamp="2024-02-05T14:42:59 IST">
  <testcase classname="api.tests.UsersTest2" name="testCreateUser" time="2.857"/>
  <testcase classname="api.tests.UsersTest2" name="testGetUserByName" time="2.05"/>
  <testcase classname="api.tests.UsersTest2" name="testUpdateUserByName" time="3.097"/>
  <testcase classname="api.tests.UsersTest2" name="testDeleteUserByName" time="1.505"/>
</testsuite> <!-- petuserstests -->
