<?xml version="1.0" encoding="UTF-8"?>
<!-- Generated by org.testng.reporters.JUnitXMLReporter -->
<testsuite ignored="0" hostname="Mahil" failures="0" tests="5" name="Default test" time="11.349" errors="0" timestamp="2024-02-04T21:21:08 IST">
  <testcase classname="api.tests.UsersTest" name="createExcel" time="0.925"/>
  <testcase classname="api.tests.UsersTest" name="testCreateUser" time="2.961"/>
  <testcase classname="api.tests.UsersTest" name="testGetUserByName" time="2.033"/>
  <testcase classname="api.tests.UsersTest" name="testUpdateUserByName" time="3.151"/>
  <testcase classname="api.tests.UsersTest" name="testDeleteUserByName" time="1.589"/>
</testsuite> <!-- Default test -->
