<?xml version="1.0" encoding="UTF-8"?>
<testng-results ignored="0" total="4" passed="4" failed="0" skipped="0">
  <reporter-output>
  </reporter-output>
  <suite started-at="2024-02-05T15:57:06 IST" name="petstore" finished-at="2024-02-05T15:57:16 IST" duration-ms="10222">
    <groups>
    </groups>
    <test started-at="2024-02-05T15:57:06 IST" name="petuserstests" finished-at="2024-02-05T15:57:16 IST" duration-ms="10222">
      <class name="api.tests.UsersTest2">
        <test-method is-config="true" signature="setUp()[pri:0, instance:api.tests.UsersTest2@6dc17b83]" started-at="2024-02-05T15:57:06 IST" name="setUp" finished-at="2024-02-05T15:57:07 IST" duration-ms="601" status="PASS">
          <reporter-output>
          </reporter-output>
        </test-method> <!-- setUp -->
        <test-method signature="testCreateUser()[pri:1, instance:api.tests.UsersTest2@6dc17b83]" started-at="2024-02-05T15:57:07 IST" name="testCreateUser" finished-at="2024-02-05T15:57:10 IST" duration-ms="2970" status="PASS">
          <reporter-output>
          </reporter-output>
        </test-method> <!-- testCreateUser -->
        <test-method signature="testGetUserByName()[pri:2, instance:api.tests.UsersTest2@6dc17b83]" started-at="2024-02-05T15:57:10 IST" name="testGetUserByName" finished-at="2024-02-05T15:57:11 IST" duration-ms="1871" status="PASS">
          <reporter-output>
          </reporter-output>
        </test-method> <!-- testGetUserByName -->
        <test-method signature="testUpdateUserByName()[pri:3, instance:api.tests.UsersTest2@6dc17b83]" started-at="2024-02-05T15:57:11 IST" name="testUpdateUserByName" finished-at="2024-02-05T15:57:14 IST" depends-on-methods="api.tests.UsersTest2.testCreateUser" duration-ms="3100" status="PASS">
          <reporter-output>
          </reporter-output>
        </test-method> <!-- testUpdateUserByName -->
        <test-method signature="testDeleteUserByName()[pri:4, instance:api.tests.UsersTest2@6dc17b83]" started-at="2024-02-05T15:57:14 IST" name="testDeleteUserByName" finished-at="2024-02-05T15:57:16 IST" depends-on-methods="api.tests.UsersTest2.testCreateUser" duration-ms="1473" status="PASS">
          <reporter-output>
          </reporter-output>
        </test-method> <!-- testDeleteUserByName -->
      </class> <!-- api.tests.UsersTest2 -->
    </test> <!-- petuserstests -->
  </suite> <!-- petstore -->
</testng-results>
