<?xml version="1.0" encoding="UTF-8"?>
<!-- Generated by org.testng.reporters.JUnitXMLReporter -->
<testsuite ignored="0" hostname="Mahil" failures="0" tests="4" name="petuserstests" time="10.222" errors="0" timestamp="2024-02-05T15:57:17 IST">
  <testcase classname="api.tests.UsersTest2" name="testCreateUser" time="2.97"/>
  <testcase classname="api.tests.UsersTest2" name="testGetUserByName" time="1.871"/>
  <testcase classname="api.tests.UsersTest2" name="testUpdateUserByName" time="3.1"/>
  <testcase classname="api.tests.UsersTest2" name="testDeleteUserByName" time="1.473"/>
</testsuite> <!-- petuserstests -->
